{
  "stats": {
    "suites": 1,
    "tests": 1,
    "passes": 1,
    "pending": 0,
    "failures": 0,
    "start": "2022-08-13T05:36:02.435Z",
    "end": "2022-08-13T05:36:04.478Z",
    "duration": 2043,
    "testsRegistered": 1,
    "passPercent": 100,
    "pendingPercent": 0,
    "other": 0,
    "hasOther": false,
    "skipped": 0,
    "hasSkipped": false
  },
  "results": [
    {
      "uuid": "f28b9c98-8f95-45fa-b2ba-332975638586",
      "title": "",
      "fullFile": "cypress/integration/webdriver-uni/js-alert.js",
      "file": "cypress/integration/webdriver-uni/js-alert.js",
      "beforeHooks": [],
      "afterHooks": [],
      "tests": [],
      "suites": [
        {
          "uuid": "1f67bfb5-58bf-4d57-97d1-47459ec80b0a",
          "title": "Test contact us page via webdriver",
          "fullFile": "",
          "file": "",
          "beforeHooks": [],
          "afterHooks": [],
          "tests": [
            {
              "title": "Should be able to submit a successfull submission via contactus",
              "fullTitle": "Test contact us page via webdriver Should be able to submit a successfull submission via contactus",
              "timedOut": null,
              "duration": 1990,
              "state": "passed",
              "speed": "slow",
              "pass": true,
              "fail": false,
              "pending": false,
              "context": null,
              "code": "cy.visit('http://www.webdriveruniversity.com/');\ncy.get('#contact-us').click({\n  force: true\n});",
              "err": {},
              "uuid": "4734f2c1-af35-46e0-963c-3aea48246ea6",
              "parentUUID": "1f67bfb5-58bf-4d57-97d1-47459ec80b0a",
              "isHook": false,
              "skipped": false
            }
          ],
          "suites": [],
          "passes": [
            "4734f2c1-af35-46e0-963c-3aea48246ea6"
          ],
          "failures": [],
          "pending": [],
          "skipped": [],
          "duration": 1990,
          "root": false,
          "rootEmpty": false,
          "_timeout": 2000
        }
      ],
      "passes": [],
      "failures": [],
      "pending": [],
      "skipped": [],
      "duration": 0,
      "root": true,
      "rootEmpty": true,
      "_timeout": 2000
    }
  ],
  "meta": {
    "mocha": {
      "version": "7.0.1"
    },
    "mochawesome": {
      "options": {
        "quiet": false,
        "reportFilename": "mochawesome",
        "saveHtml": false,
        "saveJson": true,
        "consoleReporter": "spec",
        "useInlineDiffs": false,
        "code": true
      },
      "version": "7.1.3"
    },
    "marge": {
      "options": {
        "id": "default",
        "reportDir": "cypress/results/mochawesome",
        "quite": true,
        "overwrite": false,
        "html": false,
        "json": true
      },
      "version": "6.2.0"
    }
  }
}