{
  "stats": {
    "suites": 1,
    "tests": 1,
    "passes": 1,
    "pending": 0,
    "failures": 0,
    "start": "2022-08-13T05:34:55.499Z",
    "end": "2022-08-13T05:35:04.334Z",
    "duration": 8835,
    "testsRegistered": 1,
    "passPercent": 100,
    "pendingPercent": 0,
    "other": 0,
    "hasOther": false,
    "skipped": 0,
    "hasSkipped": false
  },
  "results": [
    {
      "uuid": "822ab61f-3dd6-4fee-a684-b6d4f10c19d9",
      "title": "",
      "fullFile": "cypress/integration/automation-test-store/inspect-item.js",
      "file": "cypress/integration/automation-test-store/inspect-item.js",
      "beforeHooks": [],
      "afterHooks": [],
      "tests": [],
      "suites": [
        {
          "uuid": "b0922646-444f-42ad-ade0-bc62455f9b49",
          "title": "Inspect Automation Test Store Items using chain of commands",
          "fullFile": "",
          "file": "",
          "beforeHooks": [],
          "afterHooks": [],
          "tests": [
            {
              "title": "Inspect Automation Test Store Items using chain of commands",
              "fullTitle": "Inspect Automation Test Store Items using chain of commands Inspect Automation Test Store Items using chain of commands",
              "timedOut": null,
              "duration": 6589,
              "state": "passed",
              "speed": "slow",
              "pass": true,
              "fail": false,
              "pending": false,
              "context": null,
              "code": "cy.visit('https://www.automationteststore.com/');\ncy.get(\"a[href$='contact']\").click().then(function (linktext) {\n  cy.log(\"clicked on link using text \" + linktext.text());\n});",
              "err": {},
              "uuid": "2ad18790-b12f-4bef-9567-d2a61f48a374",
              "parentUUID": "b0922646-444f-42ad-ade0-bc62455f9b49",
              "isHook": false,
              "skipped": false
            }
          ],
          "suites": [],
          "passes": [
            "2ad18790-b12f-4bef-9567-d2a61f48a374"
          ],
          "failures": [],
          "pending": [],
          "skipped": [],
          "duration": 6589,
          "root": false,
          "rootEmpty": false,
          "_timeout": 2000
        }
      ],
      "passes": [],
      "failures": [],
      "pending": [],
      "skipped": [],
      "duration": 0,
      "root": true,
      "rootEmpty": true,
      "_timeout": 2000
    }
  ],
  "meta": {
    "mocha": {
      "version": "7.0.1"
    },
    "mochawesome": {
      "options": {
        "quiet": false,
        "reportFilename": "mochawesome",
        "saveHtml": false,
        "saveJson": true,
        "consoleReporter": "spec",
        "useInlineDiffs": false,
        "code": true
      },
      "version": "7.1.3"
    },
    "marge": {
      "options": {
        "id": "default",
        "reportDir": "cypress/results/mochawesome",
        "quite": true,
        "overwrite": false,
        "html": false,
        "json": true
      },
      "version": "6.2.0"
    }
  }
}